[INFO ] 2019-09-18 17:27:26,853 com.example.demo.DemoApplication - Starting DemoApplication on fkk with PID 9688 (C:\Users\Administrator\IdeaProjects\demo\target\classes started by Administrator in C:\Users\Administrator\IdeaProjects\demo)
[INFO ] 2019-09-18 17:27:26,859 com.example.demo.DemoApplication - No active profile set, falling back to default profiles: default
[INFO ] 2019-09-18 17:27:27,592 org.springframework.data.repository.config.RepositoryConfigurationDelegate - Multiple Spring Data modules found, entering strict repository configuration mode!
[INFO ] 2019-09-18 17:27:27,594 org.springframework.data.repository.config.RepositoryConfigurationDelegate - Bootstrapping Spring Data repositories in DEFAULT mode.
[INFO ] 2019-09-18 17:27:27,627 org.springframework.data.repository.config.RepositoryConfigurationDelegate - Finished Spring Data repository scanning in 13ms. Found 0 repository interfaces.
[INFO ] 2019-09-18 17:27:27,878 org.springframework.context.support.PostProcessorRegistrationDelegate$BeanPostProcessorChecker - Bean 'org.springframework.transaction.annotation.ProxyTransactionManagementConfiguration' of type [org.springframework.transaction.annotation.ProxyTransactionManagementConfiguration$$EnhancerBySpringCGLIB$$1c62f4d0] is not eligible for getting processed by all BeanPostProcessors (for example: not eligible for auto-proxying)
[ERROR] 2019-09-18 17:27:27,931 org.apache.catalina.core.AprLifecycleListener - An incompatible version [1.1.33] of the APR based Apache Tomcat Native library is installed, while Tomcat requires version [1.2.14]
[ERROR] 2019-09-18 17:27:28,047 org.apache.catalina.core.AprLifecycleListener - An incompatible version [1.1.33] of the APR based Apache Tomcat Native library is installed, while Tomcat requires version [1.2.14]
[INFO ] 2019-09-18 17:27:28,209 org.springframework.boot.web.embedded.tomcat.TomcatWebServer - Tomcat initialized with port(s): 8070 (http)
[ERROR] 2019-09-18 17:27:28,222 org.apache.catalina.core.AprLifecycleListener - An incompatible version [1.1.33] of the APR based Apache Tomcat Native library is installed, while Tomcat requires version [1.2.14]
[INFO ] 2019-09-18 17:27:28,223 org.apache.coyote.http11.Http11NioProtocol - Initializing ProtocolHandler ["http-nio-8070"]
[INFO ] 2019-09-18 17:27:28,247 org.apache.catalina.core.StandardService - Starting service [Tomcat]
[INFO ] 2019-09-18 17:27:28,248 org.apache.catalina.core.StandardEngine - Starting Servlet engine: [Apache Tomcat/9.0.22]
[INFO ] 2019-09-18 17:27:28,369 org.apache.catalina.core.ContainerBase.[Tomcat].[localhost].[/demo] - Initializing Spring embedded WebApplicationContext
[INFO ] 2019-09-18 17:27:28,369 org.springframework.web.context.ContextLoader - Root WebApplicationContext: initialization completed in 1459 ms
[INFO ] 2019-09-18 17:27:29,325 org.springframework.scheduling.concurrent.ThreadPoolTaskExecutor - Initializing ExecutorService 'applicationTaskExecutor'
[INFO ] 2019-09-18 17:27:29,709 org.apache.coyote.http11.Http11NioProtocol - Starting ProtocolHandler ["http-nio-8070"]
[INFO ] 2019-09-18 17:27:29,758 org.springframework.boot.web.embedded.tomcat.TomcatWebServer - Tomcat started on port(s): 8070 (http) with context path '/demo'
[INFO ] 2019-09-18 17:27:29,764 com.example.demo.DemoApplication - Started DemoApplication in 3.421 seconds (JVM running for 6.39)
[INFO ] 2019-09-19 13:32:22,269 com.example.demo.DemoApplication - Starting DemoApplication on fkk with PID 10492 (C:\Users\Administrator\IdeaProjects\demo\target\classes started by Administrator in C:\Users\Administrator\IdeaProjects\demo)
[INFO ] 2019-09-19 13:32:22,307 com.example.demo.DemoApplication - No active profile set, falling back to default profiles: default
[INFO ] 2019-09-19 13:32:23,058 org.springframework.data.repository.config.RepositoryConfigurationDelegate - Multiple Spring Data modules found, entering strict repository configuration mode!
[INFO ] 2019-09-19 13:32:23,061 org.springframework.data.repository.config.RepositoryConfigurationDelegate - Bootstrapping Spring Data repositories in DEFAULT mode.
[INFO ] 2019-09-19 13:32:23,097 org.springframework.data.repository.config.RepositoryConfigurationDelegate - Finished Spring Data repository scanning in 15ms. Found 0 repository interfaces.
[INFO ] 2019-09-19 13:32:23,372 org.springframework.context.support.PostProcessorRegistrationDelegate$BeanPostProcessorChecker - Bean 'org.springframework.transaction.annotation.ProxyTransactionManagementConfiguration' of type [org.springframework.transaction.annotation.ProxyTransactionManagementConfiguration$$EnhancerBySpringCGLIB$$49420e1c] is not eligible for getting processed by all BeanPostProcessors (for example: not eligible for auto-proxying)
[ERROR] 2019-09-19 13:32:23,405 org.apache.catalina.core.AprLifecycleListener - An incompatible version [1.1.33] of the APR based Apache Tomcat Native library is installed, while Tomcat requires version [1.2.14]
[ERROR] 2019-09-19 13:32:23,525 org.apache.catalina.core.AprLifecycleListener - An incompatible version [1.1.33] of the APR based Apache Tomcat Native library is installed, while Tomcat requires version [1.2.14]
[INFO ] 2019-09-19 13:32:23,673 org.springframework.boot.web.embedded.tomcat.TomcatWebServer - Tomcat initialized with port(s): 8070 (http)
[ERROR] 2019-09-19 13:32:23,683 org.apache.catalina.core.AprLifecycleListener - An incompatible version [1.1.33] of the APR based Apache Tomcat Native library is installed, while Tomcat requires version [1.2.14]
[INFO ] 2019-09-19 13:32:23,684 org.apache.coyote.http11.Http11NioProtocol - Initializing ProtocolHandler ["http-nio-8070"]
[INFO ] 2019-09-19 13:32:23,691 org.apache.catalina.core.StandardService - Starting service [Tomcat]
[INFO ] 2019-09-19 13:32:23,692 org.apache.catalina.core.StandardEngine - Starting Servlet engine: [Apache Tomcat/9.0.22]
[INFO ] 2019-09-19 13:32:23,803 org.apache.catalina.core.ContainerBase.[Tomcat].[localhost].[/demo] - Initializing Spring embedded WebApplicationContext
[INFO ] 2019-09-19 13:32:23,804 org.springframework.web.context.ContextLoader - Root WebApplicationContext: initialization completed in 1453 ms
[INFO ] 2019-09-19 13:32:24,479 org.springframework.scheduling.concurrent.ThreadPoolTaskExecutor - Initializing ExecutorService 'applicationTaskExecutor'
[INFO ] 2019-09-19 13:32:24,843 org.apache.coyote.http11.Http11NioProtocol - Starting ProtocolHandler ["http-nio-8070"]
[INFO ] 2019-09-19 13:32:24,867 org.springframework.boot.web.embedded.tomcat.TomcatWebServer - Tomcat started on port(s): 8070 (http) with context path '/demo'
[INFO ] 2019-09-19 13:32:24,869 com.example.demo.DemoApplication - Started DemoApplication in 2.999 seconds (JVM running for 4.698)
[INFO ] 2019-09-19 13:32:33,277 org.apache.catalina.core.ContainerBase.[Tomcat].[localhost].[/demo] - Initializing Spring DispatcherServlet 'dispatcherServlet'
[INFO ] 2019-09-19 13:32:33,277 org.springframework.web.servlet.DispatcherServlet - Initializing Servlet 'dispatcherServlet'
[INFO ] 2019-09-19 13:32:33,284 org.springframework.web.servlet.DispatcherServlet - Completed initialization in 7 ms
[INFO ] 2019-09-19 13:32:40,235 com.example.demo.controller.UserController - -------getAllUser---------
[INFO ] 2019-09-19 13:32:40,298 com.zaxxer.hikari.HikariDataSource - HikariPool-1 - Starting...
[WARN ] 2019-09-19 13:32:40,301 com.zaxxer.hikari.util.DriverDataSource - Registered driver with driverClassName=com.mysql.jdbc.Driver was not found, trying direct instantiation.
[ERROR] 2019-09-19 13:32:41,553 com.zaxxer.hikari.pool.HikariPool - HikariPool-1 - Exception during pool initialization.
java.sql.SQLException: Access denied for user 'root'@'localhost' (using password: YES)
	at com.mysql.cj.jdbc.exceptions.SQLError.createSQLException(SQLError.java:129) ~[mysql-connector-java-8.0.17.jar:8.0.17]
	at com.mysql.cj.jdbc.exceptions.SQLError.createSQLException(SQLError.java:97) ~[mysql-connector-java-8.0.17.jar:8.0.17]
	at com.mysql.cj.jdbc.exceptions.SQLExceptionsMapping.translateException(SQLExceptionsMapping.java:122) ~[mysql-connector-java-8.0.17.jar:8.0.17]
	at com.mysql.cj.jdbc.ConnectionImpl.createNewIO(ConnectionImpl.java:827) ~[mysql-connector-java-8.0.17.jar:8.0.17]
	at com.mysql.cj.jdbc.ConnectionImpl.<init>(ConnectionImpl.java:447) ~[mysql-connector-java-8.0.17.jar:8.0.17]
	at com.mysql.cj.jdbc.ConnectionImpl.getInstance(ConnectionImpl.java:237) ~[mysql-connector-java-8.0.17.jar:8.0.17]
	at com.mysql.cj.jdbc.NonRegisteringDriver.connect(NonRegisteringDriver.java:199) ~[mysql-connector-java-8.0.17.jar:8.0.17]
	at com.zaxxer.hikari.util.DriverDataSource.getConnection(DriverDataSource.java:136) ~[HikariCP-3.2.0.jar:?]
	at com.zaxxer.hikari.pool.PoolBase.newConnection(PoolBase.java:369) ~[HikariCP-3.2.0.jar:?]
	at com.zaxxer.hikari.pool.PoolBase.newPoolEntry(PoolBase.java:198) ~[HikariCP-3.2.0.jar:?]
	at com.zaxxer.hikari.pool.HikariPool.createPoolEntry(HikariPool.java:467) [HikariCP-3.2.0.jar:?]
	at com.zaxxer.hikari.pool.HikariPool.checkFailFast(HikariPool.java:541) [HikariCP-3.2.0.jar:?]
	at com.zaxxer.hikari.pool.HikariPool.<init>(HikariPool.java:115) [HikariCP-3.2.0.jar:?]
	at com.zaxxer.hikari.HikariDataSource.getConnection(HikariDataSource.java:112) [HikariCP-3.2.0.jar:?]
	at org.springframework.jdbc.datasource.DataSourceUtils.fetchConnection(DataSourceUtils.java:157) [spring-jdbc-5.1.9.RELEASE.jar:5.1.9.RELEASE]
	at org.springframework.jdbc.datasource.DataSourceUtils.doGetConnection(DataSourceUtils.java:115) [spring-jdbc-5.1.9.RELEASE.jar:5.1.9.RELEASE]
	at org.springframework.jdbc.datasource.DataSourceUtils.getConnection(DataSourceUtils.java:78) [spring-jdbc-5.1.9.RELEASE.jar:5.1.9.RELEASE]
	at org.mybatis.spring.transaction.SpringManagedTransaction.openConnection(SpringManagedTransaction.java:82) [mybatis-spring-2.0.0.jar:2.0.0]
	at org.mybatis.spring.transaction.SpringManagedTransaction.getConnection(SpringManagedTransaction.java:68) [mybatis-spring-2.0.0.jar:2.0.0]
	at org.apache.ibatis.executor.BaseExecutor.getConnection(BaseExecutor.java:336) [mybatis-3.5.0.jar:3.5.0]
	at org.apache.ibatis.executor.SimpleExecutor.prepareStatement(SimpleExecutor.java:85) [mybatis-3.5.0.jar:3.5.0]
	at org.apache.ibatis.executor.SimpleExecutor.doQuery(SimpleExecutor.java:62) [mybatis-3.5.0.jar:3.5.0]
	at org.apache.ibatis.executor.BaseExecutor.queryFromDatabase(BaseExecutor.java:324) [mybatis-3.5.0.jar:3.5.0]
	at org.apache.ibatis.executor.BaseExecutor.query(BaseExecutor.java:156) [mybatis-3.5.0.jar:3.5.0]
	at org.apache.ibatis.executor.CachingExecutor.query(CachingExecutor.java:109) [mybatis-3.5.0.jar:3.5.0]
	at org.apache.ibatis.executor.CachingExecutor.query(CachingExecutor.java:83) [mybatis-3.5.0.jar:3.5.0]
	at org.apache.ibatis.session.defaults.DefaultSqlSession.selectList(DefaultSqlSession.java:148) [mybatis-3.5.0.jar:3.5.0]
	at org.apache.ibatis.session.defaults.DefaultSqlSession.selectList(DefaultSqlSession.java:141) [mybatis-3.5.0.jar:3.5.0]
	at sun.reflect.NativeMethodAccessorImpl.invoke0(Native Method) ~[?:1.8.0_74]
	at sun.reflect.NativeMethodAccessorImpl.invoke(NativeMethodAccessorImpl.java:62) ~[?:1.8.0_74]
	at sun.reflect.DelegatingMethodAccessorImpl.invoke(DelegatingMethodAccessorImpl.java:43) ~[?:1.8.0_74]
	at java.lang.reflect.Method.invoke(Method.java:498) ~[?:1.8.0_74]
	at org.mybatis.spring.SqlSessionTemplate$SqlSessionInterceptor.invoke(SqlSessionTemplate.java:433) [mybatis-spring-2.0.0.jar:2.0.0]
	at com.sun.proxy.$Proxy73.selectList(Unknown Source) [?:?]
	at org.mybatis.spring.SqlSessionTemplate.selectList(SqlSessionTemplate.java:230) [mybatis-spring-2.0.0.jar:2.0.0]
	at org.apache.ibatis.binding.MapperMethod.executeForMany(MapperMethod.java:144) [mybatis-3.5.0.jar:3.5.0]
	at org.apache.ibatis.binding.MapperMethod.execute(MapperMethod.java:77) [mybatis-3.5.0.jar:3.5.0]
	at org.apache.ibatis.binding.MapperProxy.invoke(MapperProxy.java:58) [mybatis-3.5.0.jar:3.5.0]
	at com.sun.proxy.$Proxy74.getUserInfo(Unknown Source) [?:?]
	at com.example.demo.controller.UserController.getAllUser(UserController.java:37) [classes/:?]
	at sun.reflect.NativeMethodAccessorImpl.invoke0(Native Method) ~[?:1.8.0_74]
	at sun.reflect.NativeMethodAccessorImpl.invoke(NativeMethodAccessorImpl.java:62) ~[?:1.8.0_74]
	at sun.reflect.DelegatingMethodAccessorImpl.invoke(DelegatingMethodAccessorImpl.java:43) ~[?:1.8.0_74]
	at java.lang.reflect.Method.invoke(Method.java:498) ~[?:1.8.0_74]
	at org.springframework.web.method.support.InvocableHandlerMethod.doInvoke(InvocableHandlerMethod.java:190) [spring-web-5.1.9.RELEASE.jar:5.1.9.RELEASE]
	at org.springframework.web.method.support.InvocableHandlerMethod.invokeForRequest(InvocableHandlerMethod.java:138) [spring-web-5.1.9.RELEASE.jar:5.1.9.RELEASE]
	at org.springframework.web.servlet.mvc.method.annotation.ServletInvocableHandlerMethod.invokeAndHandle(ServletInvocableHandlerMethod.java:104) [spring-webmvc-5.1.9.RELEASE.jar:5.1.9.RELEASE]
	at org.springframework.web.servlet.mvc.method.annotation.RequestMappingHandlerAdapter.invokeHandlerMethod(RequestMappingHandlerAdapter.java:892) [spring-webmvc-5.1.9.RELEASE.jar:5.1.9.RELEASE]
	at org.springframework.web.servlet.mvc.method.annotation.RequestMappingHandlerAdapter.handleInternal(RequestMappingHandlerAdapter.java:797) [spring-webmvc-5.1.9.RELEASE.jar:5.1.9.RELEASE]
	at org.springframework.web.servlet.mvc.method.AbstractHandlerMethodAdapter.handle(AbstractHandlerMethodAdapter.java:87) [spring-webmvc-5.1.9.RELEASE.jar:5.1.9.RELEASE]
	at org.springframework.web.servlet.DispatcherServlet.doDispatch(DispatcherServlet.java:1039) [spring-webmvc-5.1.9.RELEASE.jar:5.1.9.RELEASE]
	at org.springframework.web.servlet.DispatcherServlet.doService(DispatcherServlet.java:942) [spring-webmvc-5.1.9.RELEASE.jar:5.1.9.RELEASE]
	at org.springframework.web.servlet.FrameworkServlet.processRequest(FrameworkServlet.java:1005) [spring-webmvc-5.1.9.RELEASE.jar:5.1.9.RELEASE]
	at org.springframework.web.servlet.FrameworkServlet.doGet(FrameworkServlet.java:897) [spring-webmvc-5.1.9.RELEASE.jar:5.1.9.RELEASE]
	at javax.servlet.http.HttpServlet.service(HttpServlet.java:634) [tomcat-embed-core-9.0.22.jar:9.0.22]
	at org.springframework.web.servlet.FrameworkServlet.service(FrameworkServlet.java:882) [spring-webmvc-5.1.9.RELEASE.jar:5.1.9.RELEASE]
	at javax.servlet.http.HttpServlet.service(HttpServlet.java:741) [tomcat-embed-core-9.0.22.jar:9.0.22]
	at org.apache.catalina.core.ApplicationFilterChain.internalDoFilter(ApplicationFilterChain.java:231) [tomcat-embed-core-9.0.22.jar:9.0.22]
	at org.apache.catalina.core.ApplicationFilterChain.doFilter(ApplicationFilterChain.java:166) [tomcat-embed-core-9.0.22.jar:9.0.22]
	at org.apache.tomcat.websocket.server.WsFilter.doFilter(WsFilter.java:53) [tomcat-embed-websocket-9.0.22.jar:9.0.22]
	at org.apache.catalina.core.ApplicationFilterChain.internalDoFilter(ApplicationFilterChain.java:193) [tomcat-embed-core-9.0.22.jar:9.0.22]
	at org.apache.catalina.core.ApplicationFilterChain.doFilter(ApplicationFilterChain.java:166) [tomcat-embed-core-9.0.22.jar:9.0.22]
	at org.springframework.web.filter.RequestContextFilter.doFilterInternal(RequestContextFilter.java:99) [spring-web-5.1.9.RELEASE.jar:5.1.9.RELEASE]
	at org.springframework.web.filter.OncePerRequestFilter.doFilter(OncePerRequestFilter.java:118) [spring-web-5.1.9.RELEASE.jar:5.1.9.RELEASE]
	at org.apache.catalina.core.ApplicationFilterChain.internalDoFilter(ApplicationFilterChain.java:193) [tomcat-embed-core-9.0.22.jar:9.0.22]
	at org.apache.catalina.core.ApplicationFilterChain.doFilter(ApplicationFilterChain.java:166) [tomcat-embed-core-9.0.22.jar:9.0.22]
	at org.springframework.web.filter.FormContentFilter.doFilterInternal(FormContentFilter.java:92) [spring-web-5.1.9.RELEASE.jar:5.1.9.RELEASE]
	at org.springframework.web.filter.OncePerRequestFilter.doFilter(OncePerRequestFilter.java:118) [spring-web-5.1.9.RELEASE.jar:5.1.9.RELEASE]
	at org.apache.catalina.core.ApplicationFilterChain.internalDoFilter(ApplicationFilterChain.java:193) [tomcat-embed-core-9.0.22.jar:9.0.22]
	at org.apache.catalina.core.ApplicationFilterChain.doFilter(ApplicationFilterChain.java:166) [tomcat-embed-core-9.0.22.jar:9.0.22]
	at org.springframework.web.filter.HiddenHttpMethodFilter.doFilterInternal(HiddenHttpMethodFilter.java:93) [spring-web-5.1.9.RELEASE.jar:5.1.9.RELEASE]
	at org.springframework.web.filter.OncePerRequestFilter.doFilter(OncePerRequestFilter.java:118) [spring-web-5.1.9.RELEASE.jar:5.1.9.RELEASE]
	at org.apache.catalina.core.ApplicationFilterChain.internalDoFilter(ApplicationFilterChain.java:193) [tomcat-embed-core-9.0.22.jar:9.0.22]
	at org.apache.catalina.core.ApplicationFilterChain.doFilter(ApplicationFilterChain.java:166) [tomcat-embed-core-9.0.22.jar:9.0.22]
	at org.springframework.web.filter.CharacterEncodingFilter.doFilterInternal(CharacterEncodingFilter.java:200) [spring-web-5.1.9.RELEASE.jar:5.1.9.RELEASE]
	at org.springframework.web.filter.OncePerRequestFilter.doFilter(OncePerRequestFilter.java:118) [spring-web-5.1.9.RELEASE.jar:5.1.9.RELEASE]
	at org.apache.catalina.core.ApplicationFilterChain.internalDoFilter(ApplicationFilterChain.java:193) [tomcat-embed-core-9.0.22.jar:9.0.22]
	at org.apache.catalina.core.ApplicationFilterChain.doFilter(ApplicationFilterChain.java:166) [tomcat-embed-core-9.0.22.jar:9.0.22]
	at org.apache.catalina.core.StandardWrapperValve.invoke(StandardWrapperValve.java:202) [tomcat-embed-core-9.0.22.jar:9.0.22]
	at org.apache.catalina.core.StandardContextValve.invoke(StandardContextValve.java:96) [tomcat-embed-core-9.0.22.jar:9.0.22]
	at org.apache.catalina.authenticator.AuthenticatorBase.invoke(AuthenticatorBase.java:490) [tomcat-embed-core-9.0.22.jar:9.0.22]
	at org.apache.catalina.core.StandardHostValve.invoke(StandardHostValve.java:139) [tomcat-embed-core-9.0.22.jar:9.0.22]
	at org.apache.catalina.valves.ErrorReportValve.invoke(ErrorReportValve.java:92) [tomcat-embed-core-9.0.22.jar:9.0.22]
	at org.apache.catalina.core.StandardEngineValve.invoke(StandardEngineValve.java:74) [tomcat-embed-core-9.0.22.jar:9.0.22]
	at org.apache.catalina.connector.CoyoteAdapter.service(CoyoteAdapter.java:343) [tomcat-embed-core-9.0.22.jar:9.0.22]
	at org.apache.coyote.http11.Http11Processor.service(Http11Processor.java:408) [tomcat-embed-core-9.0.22.jar:9.0.22]
	at org.apache.coyote.AbstractProcessorLight.process(AbstractProcessorLight.java:66) [tomcat-embed-core-9.0.22.jar:9.0.22]
	at org.apache.coyote.AbstractProtocol$ConnectionHandler.process(AbstractProtocol.java:853) [tomcat-embed-core-9.0.22.jar:9.0.22]
	at org.apache.tomcat.util.net.NioEndpoint$SocketProcessor.doRun(NioEndpoint.java:1587) [tomcat-embed-core-9.0.22.jar:9.0.22]
	at org.apache.tomcat.util.net.SocketProcessorBase.run(SocketProcessorBase.java:49) [tomcat-embed-core-9.0.22.jar:9.0.22]
	at java.util.concurrent.ThreadPoolExecutor.runWorker(ThreadPoolExecutor.java:1142) [?:1.8.0_74]
	at java.util.concurrent.ThreadPoolExecutor$Worker.run(ThreadPoolExecutor.java:617) [?:1.8.0_74]
	at org.apache.tomcat.util.threads.TaskThread$WrappingRunnable.run(TaskThread.java:61) [tomcat-embed-core-9.0.22.jar:9.0.22]
	at java.lang.Thread.run(Thread.java:745) [?:1.8.0_74]
